#
# A fatal error has been detected by the Java Runtime Environment:
#
#  SIGSEGV (0xb) at pc=0x000000010bf68472, pid=8257, tid=2059
#
# JRE version: Java(TM) SE Runtime Environment (8.0_72-b15) (build 1.8.0_72-b15)
# Java VM: Java HotSpot(TM) 64-Bit Server VM (25.72-b15 mixed mode bsd-amd64 compressed oops)
# Problematic frame:
# V  [libjvm.dylib+0x168472]  ThreadStateTransition::trans_from_native(JavaThreadState)+0xa
#
# Failed to write core dump. Core dumps have been disabled. To enable core dumping, try "ulimit -c unlimited" before starting Java again
#
# If you would like to submit a bug report, please visit:
#   http://bugreport.java.com/bugreport/crash.jsp
#

---------------  T H R E A D  ---------------

Current thread is native thread

siginfo: si_signo: 11 (SIGSEGV), si_code: 1 (SEGV_MAPERR), si_addr: 0x0000000000000270

Registers:
RAX=0x0000000000000000, RBX=0x0000000000000000, RCX=0x00007fffb3dcd638, RDX=0x0000000000000000
RSP=0x00007fff547f1db0, RBP=0x00007fff547f1dc0, RSI=0x0000000000000006, RDI=0x00007fff547f1e20
R8 =0x00000000000003ff, R9 =0x00007fcf3bf36b30, R10=0x0000000116d1b468, R11=0x00007fcf3bf5c1c0
R12=0x0000000000000000, R13=0x00007fcf412bd310, R14=0x0000000000000000, R15=0x93e902ca8fb4005e
RIP=0x000000010bf68472, EFLAGS=0x0000000000010246, ERR=0x0000000000000006
  TRAPNO=0x000000000000000e

Top of Stack: (sp=0x00007fff547f1db0)
0x00007fff547f1db0:   0000000116cb1889 0000000000000000
0x00007fff547f1dc0:   00007fff547f1e50 000000010c10f652
0x00007fff547f1dd0:   00007fff547f1e60 00007fffaecf34fc
0x00007fff547f1de0:   00007fcf3d8861f8 0000000000000003
0x00007fff547f1df0:   000000010b426000 00007fcf415fc080
0x00007fff547f1e00:   00007fcf415ddc70 00007fcf415ddc90
0x00007fff547f1e10:   0000000000000002 00000000b76e62f0
0x00007fff547f1e20:   0000000000000000 00007fcf3d8861f8
0x00007fff547f1e30:   0000000000000000 00007fcf412bd310
0x00007fff547f1e40:   0000000116cdd840 93e902ca8fb4005e
0x00007fff547f1e50:   00007fff547f1e80 000000010b5ed2e1
0x00007fff547f1e60:   00007fff547f1fb0 0000000116cdd810
0x00007fff547f1e70:   00007fcf3d8861f8 93e902ca8fb4005e
0x00007fff547f1e80:   00007fff547f1ea0 000000010b5ed3e4
0x00007fff547f1e90:   00007fcf3d8861f8 0000000116cdd810
0x00007fff547f1ea0:   00007fff547f1fa0 000000010b5eefd6
0x00007fff547f1eb0:   00007fcf3bf32306 00007fffb3dcd688
0x00007fff547f1ec0:   00007fffb436f460 00007fffb3dcd638
0x00007fff547f1ed0:   00000000000003ff 00007fcf3bf36b30
0x00007fff547f1ee0:   00007fff547f1f00 00007fff9776fe5f
0x00007fff547f1ef0:   00007fcf3dc4f990 00007fffb779f608
0x00007fff547f1f00:   00007fff547f1f58 00007fcf3bf36b30
0x00007fff547f1f10:   00007fff547f1f40 00007fffae2891c2
0x00007fff547f1f20:   3fedddddddddddde 00007fcf3dc4f990
0x00007fff547f1f30:   0000000000000180 00007fffb779f600
0x00007fff547f1f40:   00007fff547f1f80 00007fffae276c51
0x00007fff547f1f50:   00007fcf3d185460 ffff8030c40c94d0
0x00007fff547f1f60:   0000003000000010 00007fff547f1fb0
0x00007fff547f1f70:   00007fff547f1eb0 0000000116d176e9
0x00007fff547f1f80:   93e902ca8fb4005e 00007fcf412c7050
0x00007fff547f1f90:   00007fcf3bf9ed30 0000000000000000
0x00007fff547f1fa0:   00007fff547f1fb0 0000000116c8343b 

Instructions: (pc=0x000000010bf68472)
0x000000010bf68452:   0e 48 8b 0b 49 8b 56 18 48 63 c0 48 89 0c c2 5b
0x000000010bf68462:   41 5e 5d c3 90 90 55 48 89 e5 41 56 53 48 8b 1f
0x000000010bf68472:   c7 83 70 02 00 00 05 00 00 00 48 8d 05 b5 af 77
0x000000010bf68482:   00 8b 00 83 f8 01 41 89 f6 75 0c 48 8d 0d f2 16 

Register to memory mapping:

RAX=0x0000000000000000 is an unknown value
RBX=0x0000000000000000 is an unknown value
RCX=0x00007fffb3dcd638: OBJC_CLASS_$_NSDynamicSystemColor+0 in /System/Library/Frameworks/AppKit.framework/Versions/C/AppKit at 0x00007fff9776b000
RDX=0x0000000000000000 is an unknown value
RSP=0x00007fff547f1db0 is an unknown value
RBP=0x00007fff547f1dc0 is an unknown value
RSI=0x0000000000000006 is an unknown value
RDI=0x00007fff547f1e20 is an unknown value
R8 =0x00000000000003ff is an unknown value
R9 =0x00007fcf3bf36b30 is an unknown value
R10=0x0000000116d1b468: OBJC_METACLASS_$_ThreadUtilities+0 in /Library/Java/JavaVirtualMachines/jdk1.8.0_72.jdk/Contents/Home/jre/lib/./libosxapp.dylib at 0x0000000116d13000
R11=0x00007fcf3bf5c1c0 is an unknown value
R12=0x0000000000000000 is an unknown value
R13=0x00007fcf412bd310 is an unknown value
R14=0x0000000000000000 is an unknown value
R15=0x93e902ca8fb4005e is an unknown value


Stack: [0x00007fff53ff6000,0x00007fff547f6000],  sp=0x00007fff547f1db0,  free space=8175k
Native frames: (J=compiled Java code, j=interpreted, Vv=VM code, C=native code)
V  [libjvm.dylib+0x168472]  ThreadStateTransition::trans_from_native(JavaThreadState)+0xa
V  [libjvm.dylib+0x30f652]  jni_FindClass+0x32
C  [JavaNativeFoundation+0x22e1]  JNFLookupClass+0x19
C  [JavaNativeFoundation+0x23e4]  JNFLookupMemberID+0x20
C  [JavaNativeFoundation+0x3fd6]  JNFCallStaticVoidMethod+0xa5
C  [libawt_lwawt.dylib+0x2543b]  +[CSystemColors systemColorsDidChange:]+0x81
C  [CoreFoundation+0x9d63c]  __CFNOTIFICATIONCENTER_IS_CALLING_OUT_TO_AN_OBSERVER__+0xc
C  [CoreFoundation+0x9d53b]  _CFXRegistrationPost+0x1ab
C  [CoreFoundation+0x9d2a2]  ___CFXNotificationPost_block_invoke+0x32
C  [CoreFoundation+0x5a9a3]  -[_CFXNotificationRegistrar find:object:observer:enumerator:]+0x723
C  [CoreFoundation+0x599dc]  _CFXNotificationPost+0x25c
C  [Foundation+0x70e3]  -[NSNotificationCenter postNotificationName:object:userInfo:]+0x42
C  [AppKit+0x46de83]  -[NSApplication _aquaColorVariantChanged]+0x55
C  [CoreFoundation+0x9d63c]  __CFNOTIFICATIONCENTER_IS_CALLING_OUT_TO_AN_OBSERVER__+0xc
C  [CoreFoundation+0x9d53b]  _CFXRegistrationPost+0x1ab
C  [CoreFoundation+0x9d2a2]  ___CFXNotificationPost_block_invoke+0x32
C  [CoreFoundation+0x5a9a3]  -[_CFXNotificationRegistrar find:object:observer:enumerator:]+0x723
C  [CoreFoundation+0x599dc]  _CFXNotificationPost+0x25c
C  [CoreFoundation+0xa2da5]  CFNotificationCenterPostNotification+0x75
C  [CoreFoundation+0x9d63c]  __CFNOTIFICATIONCENTER_IS_CALLING_OUT_TO_AN_OBSERVER__+0xc
C  [CoreFoundation+0x9d5cf]  ___CFXRegistrationPost_block_invoke+0x3f
C  [CoreFoundation+0xa73ac]  __CFRUNLOOP_IS_CALLING_OUT_TO_A_BLOCK__+0xc
C  [CoreFoundation+0x88424]  __CFRunLoopDoBlocks+0x164
C  [CoreFoundation+0x87f66]  __CFRunLoopRun+0x756
C  [CoreFoundation+0x875b4]  CFRunLoopRunSpecific+0x1a4
C  [java+0x6463]  CreateExecutionEnvironment+0x367
C  [java+0x21ac]  JLI_Launch+0x7a0
C  [java+0x84c0]  main+0x65
C  [java+0x1a04]  start+0x34


---------------  P R O C E S S  ---------------

VM state:not at safepoint (normal execution)

VM Mutex/Monitor currently owned by a thread: None

Heap:
 PSYoungGen      total 18944K, used 5387K [0x00000007aab00000, 0x00000007ac000000, 0x00000007c0000000)
  eden space 16384K, 17% used [0x00000007aab00000,0x00000007aadcabf8,0x00000007abb00000)
  from space 2560K, 98% used [0x00000007abd80000,0x00000007abff8050,0x00000007ac000000)
  to   space 2560K, 0% used [0x00000007abb00000,0x00000007abb00000,0x00000007abd80000)
 ParOldGen       total 44032K, used 7037K [0x0000000780000000, 0x0000000782b00000, 0x00000007aab00000)
  object space 44032K, 15% used [0x0000000780000000,0x00000007806df598,0x0000000782b00000)
 Metaspace       used 20182K, capacity 20874K, committed 20992K, reserved 1067008K
  class space    used 2849K, capacity 3006K, committed 3072K, reserved 1048576K

Card table byte_map: [0x000000010d14f000,0x000000010d350000] byte_map_base: 0x000000010954f000

Marking Bits: (ParMarkBitMap*) 0x000000010c6e3ea0
 Begin Bits: [0x000000010d4a6000, 0x000000010e4a6000)
 End Bits:   [0x000000010e4a6000, 0x000000010f4a6000)

Polling page: 0x000000010b4ca000

CodeCache: size=245760Kb used=4640Kb max_used=4640Kb free=241119Kb
 bounds [0x0000000117275000, 0x0000000117705000, 0x0000000126275000]
 total_blobs=2153 nmethods=1375 adapters=691
 compilation: enabled

Compilation events (10 events):
Event: 32.293 Thread 0x00007fcf3d0a9800 1372       3       sun.java2d.pipe.RenderQueue::unlock (4 bytes)
Event: 32.294 Thread 0x00007fcf3d0a9800 nmethod 1372 0x00000001176fcd10 code [0x00000001176fcea0, 0x00000001176fd208]
Event: 32.294 Thread 0x00007fcf3d0a9800 1373       3       sun.awt.SunToolkit::awtUnlock (7 bytes)
Event: 32.294 Thread 0x00007fcf3d0a9800 nmethod 1373 0x00000001176fd390 code [0x00000001176fd500, 0x00000001176fd7e8]
Event: 35.363 Thread 0x00007fcf3d0a9800 1374       3       sun.java2d.pipe.RenderQueue::tryLock (4 bytes)
Event: 35.364 Thread 0x00007fcf3d0a9800 nmethod 1374 0x00000001176fd910 code [0x00000001176fdaa0, 0x00000001176fde08]
Event: 35.364 Thread 0x00007fcf3d0a9800 1375       3       sun.awt.SunToolkit::awtTryLock (7 bytes)
Event: 35.364 Thread 0x00007fcf3d0a9800 nmethod 1375 0x00000001176fdf90 code [0x00000001176fe100, 0x00000001176fe3e8]
Event: 40.783 Thread 0x00007fcf3d0a9800 1376       3       java.util.concurrent.locks.AbstractQueuedSynchronizer::release (33 bytes)
Event: 40.783 Thread 0x00007fcf3d0a9800 nmethod 1376 0x00000001176fe510 code [0x00000001176fe6a0, 0x00000001176fe9b8]

GC Heap History (4 events):
Event: 1.958 GC heap before
{Heap before GC invocations=1 (full 0):
 PSYoungGen      total 18944K, used 16384K [0x00000007aab00000, 0x00000007ac000000, 0x00000007c0000000)
  eden space 16384K, 100% used [0x00000007aab00000,0x00000007abb00000,0x00000007abb00000)
  from space 2560K, 0% used [0x00000007abd80000,0x00000007abd80000,0x00000007ac000000)
  to   space 2560K, 0% used [0x00000007abb00000,0x00000007abb00000,0x00000007abd80000)
 ParOldGen       total 44032K, used 0K [0x0000000780000000, 0x0000000782b00000, 0x00000007aab00000)
  object space 44032K, 0% used [0x0000000780000000,0x0000000780000000,0x0000000782b00000)
 Metaspace       used 9591K, capacity 9912K, committed 10112K, reserved 1058816K
  class space    used 1298K, capacity 1403K, committed 1408K, reserved 1048576K
Event: 1.966 GC heap after
Heap after GC invocations=1 (full 0):
 PSYoungGen      total 18944K, used 2512K [0x00000007aab00000, 0x00000007ac000000, 0x00000007c0000000)
  eden space 16384K, 0% used [0x00000007aab00000,0x00000007aab00000,0x00000007abb00000)
  from space 2560K, 98% used [0x00000007abb00000,0x00000007abd74030,0x00000007abd80000)
  to   space 2560K, 0% used [0x00000007abd80000,0x00000007abd80000,0x00000007ac000000)
 ParOldGen       total 44032K, used 8K [0x0000000780000000, 0x0000000782b00000, 0x00000007aab00000)
  object space 44032K, 0% used [0x0000000780000000,0x0000000780002000,0x0000000782b00000)
 Metaspace       used 9591K, capacity 9912K, committed 10112K, reserved 1058816K
  class space    used 1298K, capacity 1403K, committed 1408K, reserved 1048576K
}
Event: 8.919 GC heap before
{Heap before GC invocations=2 (full 0):
 PSYoungGen      total 18944K, used 18896K [0x00000007aab00000, 0x00000007ac000000, 0x00000007c0000000)
  eden space 16384K, 100% used [0x00000007aab00000,0x00000007abb00000,0x00000007abb00000)
  from space 2560K, 98% used [0x00000007abb00000,0x00000007abd74030,0x00000007abd80000)
  to   space 2560K, 0% used [0x00000007abd80000,0x00000007abd80000,0x00000007ac000000)
 ParOldGen       total 44032K, used 8K [0x0000000780000000, 0x0000000782b00000, 0x00000007aab00000)
  object space 44032K, 0% used [0x0000000780000000,0x0000000780002000,0x0000000782b00000)
 Metaspace       used 17555K, capacity 18198K, committed 18304K, reserved 1064960K
  class space    used 2476K, capacity 2633K, committed 2688K, reserved 1048576K
Event: 8.939 GC heap after
Heap after GC invocations=2 (full 0):
 PSYoungGen      total 18944K, used 2528K [0x00000007aab00000, 0x00000007ac000000, 0x00000007c0000000)
  eden space 16384K, 0% used [0x00000007aab00000,0x00000007aab00000,0x00000007abb00000)
  from space 2560K, 98% used [0x00000007abd80000,0x00000007abff8050,0x00000007ac000000)
  to   space 2560K, 0% used [0x00000007abb00000,0x00000007abb00000,0x00000007abd80000)
 ParOldGen       total 44032K, used 7037K [0x0000000780000000, 0x0000000782b00000, 0x00000007aab00000)
  object space 44032K, 15% used [0x0000000780000000,0x00000007806df598,0x0000000782b00000)
 Metaspace       used 17555K, capacity 18198K, committed 18304K, reserved 1064960K
  class space    used 2476K, capacity 2633K, committed 2688K, reserved 1048576K
}

Deoptimization events (10 events):
Event: 2.167 Thread 0x00007fcf3d886000 Uncommon trap: reason=class_check action=maybe_recompile pc=0x000000011738ec9c method=java.lang.String.equals(Ljava/lang/Object;)Z @ 8
Event: 2.167 Thread 0x00007fcf3d886000 Uncommon trap: reason=class_check action=maybe_recompile pc=0x000000011738ec9c method=java.lang.String.equals(Ljava/lang/Object;)Z @ 8
Event: 2.481 Thread 0x00007fcf3d886000 Uncommon trap: reason=unstable_if action=reinterpret pc=0x000000011749e8e0 method=java.lang.CharacterData.of(I)Ljava/lang/CharacterData; @ 4
Event: 2.523 Thread 0x00007fcf3d886000 Uncommon trap: reason=class_check action=maybe_recompile pc=0x000000011738ec9c method=java.lang.String.equals(Ljava/lang/Object;)Z @ 8
Event: 2.695 Thread 0x00007fcf3d886000 Uncommon trap: reason=unstable_if action=reinterpret pc=0x000000011759e4d8 method=sun.misc.URLClassPath$JarLoader.ensureOpen()V @ 4
Event: 2.972 Thread 0x00007fcf3c852000 Uncommon trap: reason=unstable_if action=reinterpret pc=0x0000000117521b3c method=sun.net.www.ParseUtil.encodePath(Ljava/lang/String;Z)Ljava/lang/String; @ 109
Event: 3.170 Thread 0x00007fcf3d886000 Uncommon trap: reason=unstable_if action=reinterpret pc=0x00000001175792f4 method=jdk.internal.org.objectweb.asm.Type.getArgumentsAndReturnSizes(Ljava/lang/String;)I @ 47
Event: 8.964 Thread 0x00007fcf3d886000 Uncommon trap: reason=unstable_if action=reinterpret pc=0x000000011743a5a0 method=java.lang.String.startsWith(Ljava/lang/String;I)Z @ 25
Event: 8.971 Thread 0x00007fcf3d886000 Uncommon trap: reason=unstable_if action=reinterpret pc=0x0000000117528d34 method=java.lang.AbstractStringBuilder.append(Ljava/lang/String;)Ljava/lang/AbstractStringBuilder; @ 1
Event: 8.972 Thread 0x00007fcf3d886000 Uncommon trap: reason=unstable_if action=reinterpret pc=0x0000000117482ae8 method=java.lang.AbstractStringBuilder.append(Ljava/lang/String;)Ljava/lang/AbstractStringBuilder; @ 1

Internal exceptions (10 events):
Event: 0.547 Thread 0x00007fcf3c002800 Exception <a 'java/lang/NullPointerException'> (0x00000007aad68f58) thrown at [/Users/java_re/workspace/8-2-build-macosx-x86_64/jdk8u72/5732/hotspot/src/share/vm/interpreter/linkResolver.cpp, line 1178]
Event: 1.392 Thread 0x00007fcf3d886000 Exception <a 'java/io/FileNotFoundException'> (0x00000007ab363360) thrown at [/Users/java_re/workspace/8-2-build-macosx-x86_64/jdk8u72/5732/hotspot/src/share/vm/prims/jni.cpp, line 709]
Event: 1.392 Thread 0x00007fcf3d886000 Exception <a 'java/io/FileNotFoundException'> (0x00000007ab363ec8) thrown at [/Users/java_re/workspace/8-2-build-macosx-x86_64/jdk8u72/5732/hotspot/src/share/vm/prims/jni.cpp, line 709]
Event: 1.618 Thread 0x00007fcf3d886000 Exception <a 'java/lang/NullPointerException'> (0x00000007ab599988) thrown at [/Users/java_re/workspace/8-2-build-macosx-x86_64/jdk8u72/5732/hotspot/src/share/vm/interpreter/linkResolver.cpp, line 1178]
Event: 1.618 Thread 0x00007fcf3d886000 Exception <a 'java/lang/NullPointerException'> (0x00000007ab599988) thrown at [/Users/java_re/workspace/8-2-build-macosx-x86_64/jdk8u72/5732/hotspot/src/share/vm/prims/jvm.cpp, line 1390]
Event: 1.928 Thread 0x00007fcf3d886000 Implicit null exception at 0x00000001174bde75 to 0x00000001174be06d
Event: 2.695 Thread 0x00007fcf3d886000 Implicit null exception at 0x000000011759d422 to 0x000000011759e4cd
Event: 8.769 Thread 0x00007fcf3d886000 Exception <a 'java/io/FileNotFoundException'> (0x00000007aba8e5f8) thrown at [/Users/java_re/workspace/8-2-build-macosx-x86_64/jdk8u72/5732/hotspot/src/share/vm/prims/jni.cpp, line 709]
Event: 8.971 Thread 0x00007fcf3d886000 Implicit null exception at 0x00000001175289b5 to 0x0000000117528d21
Event: 8.972 Thread 0x00007fcf3d886000 Implicit null exception at 0x0000000117482775 to 0x0000000117482ad5

Events (10 events):
Event: 28.512 loading class javafx/application/Application done
Event: 28.520 loading class com/sun/javafx/tk/quantum/QuantumRenderer
Event: 28.520 loading class com/sun/javafx/tk/quantum/QuantumRenderer done
Event: 28.521 loading class com/sun/javafx/tk/quantum/QuantumToolkit
Event: 28.521 loading class com/sun/javafx/tk/quantum/QuantumToolkit done
Event: 28.521 Thread 0x00007fcf3c852000 Thread exited: 0x00007fcf3c852000
Event: 28.521 Thread 0x00007fcf3d280000 Thread exited: 0x00007fcf3d280000
Event: 28.521 Thread 0x00007fcf3d886000 Thread exited: 0x00007fcf3d886000
Event: 28.521 Thread 0x00007fcf3c002800 Thread exited: 0x00007fcf3c002800
Event: 28.521 Thread 0x00007fcf3d280000 Thread added: 0x00007fcf3d280000


Dynamic libraries:
0x000000002491e000 	/System/Library/Frameworks/Cocoa.framework/Versions/A/Cocoa
0x000000002491e000 	/System/Library/Frameworks/Security.framework/Versions/A/Security
0x000000002491e000 	/System/Library/Frameworks/ApplicationServices.framework/Versions/A/ApplicationServices
0x000000002491e000 	/usr/lib/libz.1.dylib
0x000000002491e000 	/usr/lib/libSystem.B.dylib
0x000000002491e000 	/usr/lib/libobjc.A.dylib
0x000000002491e000 	/System/Library/Frameworks/CoreFoundation.framework/Versions/A/CoreFoundation
0x000000002491e000 	/System/Library/Frameworks/Foundation.framework/Versions/C/Foundation
0x000000002491e000 	/System/Library/Frameworks/AppKit.framework/Versions/C/AppKit
0x000000002491e000 	/System/Library/Frameworks/CoreData.framework/Versions/A/CoreData
0x000000002491e000 	/System/Library/PrivateFrameworks/RemoteViewServices.framework/Versions/A/RemoteViewServices
0x000000002491e000 	/System/Library/PrivateFrameworks/UIFoundation.framework/Versions/A/UIFoundation
0x000000002491e000 	/usr/lib/libenergytrace.dylib
0x000000002491e000 	/System/Library/PrivateFrameworks/SkyLight.framework/Versions/A/SkyLight
0x000000002491e000 	/System/Library/Frameworks/CoreGraphics.framework/Versions/A/CoreGraphics
0x000000002491e000 	/usr/lib/libScreenReader.dylib
0x000000002491e000 	/System/Library/Frameworks/Accelerate.framework/Versions/A/Accelerate
0x000000002491e000 	/System/Library/Frameworks/IOSurface.framework/Versions/A/IOSurface
0x000000002491e000 	/System/Library/Frameworks/AudioToolbox.framework/Versions/A/AudioToolbox
0x000000002491e000 	/System/Library/Frameworks/AudioUnit.framework/Versions/A/AudioUnit
0x000000002491e000 	/System/Library/PrivateFrameworks/DataDetectorsCore.framework/Versions/A/DataDetectorsCore
0x000000002491e000 	/System/Library/PrivateFrameworks/DesktopServicesPriv.framework/Versions/A/DesktopServicesPriv
0x000000002491e000 	/System/Library/Frameworks/Carbon.framework/Versions/A/Frameworks/HIToolbox.framework/Versions/A/HIToolbox
0x000000002491e000 	/usr/lib/libicucore.A.dylib
0x000000002491e000 	/System/Library/Frameworks/QuartzCore.framework/Versions/A/QuartzCore
0x000000002491e000 	/System/Library/Frameworks/Carbon.framework/Versions/A/Frameworks/SpeechRecognition.framework/Versions/A/SpeechRecognition
0x000000002491e000 	/usr/lib/libauto.dylib
0x000000002491e000 	/usr/lib/libxml2.2.dylib
0x000000002491e000 	/System/Library/PrivateFrameworks/CoreUI.framework/Versions/A/CoreUI
0x000000002491e000 	/System/Library/Frameworks/CoreAudio.framework/Versions/A/CoreAudio
0x000000002491e000 	/System/Library/Frameworks/DiskArbitration.framework/Versions/A/DiskArbitration
0x000000002491e000 	/usr/lib/liblangid.dylib
0x000000002491e000 	/System/Library/PrivateFrameworks/MultitouchSupport.framework/Versions/A/MultitouchSupport
0x000000002491e000 	/System/Library/Frameworks/IOKit.framework/Versions/A/IOKit
0x000000002491e000 	/usr/lib/libDiagnosticMessagesClient.dylib
0x000000002491e000 	/System/Library/Frameworks/CoreServices.framework/Versions/A/CoreServices
0x000000002491e000 	/System/Library/PrivateFrameworks/PerformanceAnalysis.framework/Versions/A/PerformanceAnalysis
0x000000002491e000 	/System/Library/PrivateFrameworks/GenerationalStorage.framework/Versions/A/GenerationalStorage
0x000000002491e000 	/System/Library/Frameworks/OpenGL.framework/Versions/A/OpenGL
0x000000002491e000 	/System/Library/Frameworks/CoreImage.framework/Versions/A/CoreImage
0x000000002491e000 	/System/Library/Frameworks/CoreText.framework/Versions/A/CoreText
0x000000002491e000 	/System/Library/Frameworks/ImageIO.framework/Versions/A/ImageIO
0x000000002491e000 	/System/Library/PrivateFrameworks/Backup.framework/Versions/A/Backup
0x000000002491e000 	/usr/lib/libarchive.2.dylib
0x000000002491e000 	/System/Library/Frameworks/CFNetwork.framework/Versions/A/CFNetwork
0x000000002491e000 	/System/Library/Frameworks/SystemConfiguration.framework/Versions/A/SystemConfiguration
0x000000002491e000 	/usr/lib/libCRFSuite.dylib
0x000000002491e000 	/usr/lib/libc++.1.dylib
0x000000002491e000 	/usr/lib/libc++abi.dylib
0x000000002491e000 	/usr/lib/system/libcache.dylib
0x000000002491e000 	/usr/lib/system/libcommonCrypto.dylib
0x000000002491e000 	/usr/lib/system/libcompiler_rt.dylib
0x000000002491e000 	/usr/lib/system/libcopyfile.dylib
0x000000002491e000 	/usr/lib/system/libcorecrypto.dylib
0x000000002491e000 	/usr/lib/system/libdispatch.dylib
0x000000002491e000 	/usr/lib/system/libdyld.dylib
0x000000002491e000 	/usr/lib/system/libkeymgr.dylib
0x000000002491e000 	/usr/lib/system/liblaunch.dylib
0x000000002491e000 	/usr/lib/system/libmacho.dylib
0x000000002491e000 	/usr/lib/system/libquarantine.dylib
0x000000002491e000 	/usr/lib/system/libremovefile.dylib
0x000000002491e000 	/usr/lib/system/libsystem_asl.dylib
0x000000002491e000 	/usr/lib/system/libsystem_blocks.dylib
0x000000002491e000 	/usr/lib/system/libsystem_c.dylib
0x000000002491e000 	/usr/lib/system/libsystem_configuration.dylib
0x000000002491e000 	/usr/lib/system/libsystem_coreservices.dylib
0x000000002491e000 	/usr/lib/system/libsystem_coretls.dylib
0x000000002491e000 	/usr/lib/system/libsystem_dnssd.dylib
0x000000002491e000 	/usr/lib/system/libsystem_info.dylib
0x000000002491e000 	/usr/lib/system/libsystem_kernel.dylib
0x000000002491e000 	/usr/lib/system/libsystem_m.dylib
0x000000002491e000 	/usr/lib/system/libsystem_malloc.dylib
0x000000002491e000 	/usr/lib/system/libsystem_network.dylib
0x000000002491e000 	/usr/lib/system/libsystem_networkextension.dylib
0x000000002491e000 	/usr/lib/system/libsystem_notify.dylib
0x000000002491e000 	/usr/lib/system/libsystem_platform.dylib
0x000000002491e000 	/usr/lib/system/libsystem_pthread.dylib
0x000000002491e000 	/usr/lib/system/libsystem_sandbox.dylib
0x000000002491e000 	/usr/lib/system/libsystem_secinit.dylib
0x000000002491e000 	/usr/lib/system/libsystem_symptoms.dylib
0x000000002491e000 	/usr/lib/system/libsystem_trace.dylib
0x000000002491e000 	/usr/lib/system/libunwind.dylib
0x000000002491e000 	/usr/lib/system/libxpc.dylib
0x000000002491e000 	/usr/lib/libbsm.0.dylib
0x000000002491e000 	/usr/lib/system/libkxld.dylib
0x000000002491e000 	/usr/lib/libcoretls.dylib
0x000000002491e000 	/usr/lib/libcoretls_cfhelpers.dylib
0x000000002491e000 	/usr/lib/libxar.1.dylib
0x000000002491e000 	/usr/lib/libsqlite3.dylib
0x000000002491e000 	/usr/lib/libpam.2.dylib
0x000000002491e000 	/usr/lib/libOpenScriptingUtil.dylib
0x000000002491e000 	/usr/lib/libbz2.1.0.dylib
0x000000002491e000 	/usr/lib/liblzma.5.dylib
0x000000002491e000 	/usr/lib/libnetwork.dylib
0x000000002491e000 	/usr/lib/libpcap.A.dylib
0x000000002491e000 	/System/Library/Frameworks/CoreServices.framework/Versions/A/Frameworks/FSEvents.framework/Versions/A/FSEvents
0x000000002491e000 	/System/Library/Frameworks/CoreServices.framework/Versions/A/Frameworks/CarbonCore.framework/Versions/A/CarbonCore
0x000000002491e000 	/System/Library/Frameworks/CoreServices.framework/Versions/A/Frameworks/Metadata.framework/Versions/A/Metadata
0x000000002491e000 	/System/Library/Frameworks/CoreServices.framework/Versions/A/Frameworks/OSServices.framework/Versions/A/OSServices
0x000000002491e000 	/System/Library/Frameworks/CoreServices.framework/Versions/A/Frameworks/SearchKit.framework/Versions/A/SearchKit
0x000000002491e000 	/System/Library/Frameworks/CoreServices.framework/Versions/A/Frameworks/AE.framework/Versions/A/AE
0x000000002491e000 	/System/Library/Frameworks/CoreServices.framework/Versions/A/Frameworks/LaunchServices.framework/Versions/A/LaunchServices
0x000000002491e000 	/System/Library/Frameworks/CoreServices.framework/Versions/A/Frameworks/DictionaryServices.framework/Versions/A/DictionaryServices
0x000000002491e000 	/System/Library/Frameworks/CoreServices.framework/Versions/A/Frameworks/SharedFileList.framework/Versions/A/SharedFileList
0x000000002491e000 	/System/Library/Frameworks/NetFS.framework/Versions/A/NetFS
0x000000002491e000 	/System/Library/PrivateFrameworks/NetAuth.framework/Versions/A/NetAuth
0x000000002491e000 	/System/Library/PrivateFrameworks/login.framework/Versions/A/Frameworks/loginsupport.framework/Versions/A/loginsupport
0x000000002491e000 	/System/Library/PrivateFrameworks/TCC.framework/Versions/A/TCC
0x000000002491e000 	/usr/lib/libmecabra.dylib
0x000000002491e000 	/System/Library/Frameworks/ApplicationServices.framework/Versions/A/Frameworks/ATS.framework/Versions/A/ATS
0x000000002491e000 	/System/Library/Frameworks/ApplicationServices.framework/Versions/A/Frameworks/ColorSync.framework/Versions/A/ColorSync
0x000000002491e000 	/System/Library/Frameworks/ApplicationServices.framework/Versions/A/Frameworks/HIServices.framework/Versions/A/HIServices
0x000000002491e000 	/System/Library/Frameworks/ApplicationServices.framework/Versions/A/Frameworks/LangAnalysis.framework/Versions/A/LangAnalysis
0x000000002491e000 	/System/Library/Frameworks/ApplicationServices.framework/Versions/A/Frameworks/PrintCore.framework/Versions/A/PrintCore
0x000000002491e000 	/System/Library/Frameworks/ApplicationServices.framework/Versions/A/Frameworks/QD.framework/Versions/A/QD
0x000000002491e000 	/System/Library/Frameworks/ApplicationServices.framework/Versions/A/Frameworks/SpeechSynthesis.framework/Versions/A/SpeechSynthesis
0x000000002491e000 	/System/Library/Frameworks/Accelerate.framework/Versions/A/Frameworks/vImage.framework/Versions/A/vImage
0x000000002491e000 	/System/Library/Frameworks/Accelerate.framework/Versions/A/Frameworks/vecLib.framework/Versions/A/vecLib
0x000000002491e000 	/System/Library/Frameworks/Accelerate.framework/Versions/A/Frameworks/vecLib.framework/Versions/A/libvDSP.dylib
0x000000002491e000 	/System/Library/Frameworks/Accelerate.framework/Versions/A/Frameworks/vecLib.framework/Versions/A/libBNNS.dylib
0x000000002491e000 	/System/Library/Frameworks/Accelerate.framework/Versions/A/Frameworks/vecLib.framework/Versions/A/libQuadrature.dylib
0x000000002491e000 	/System/Library/Frameworks/Accelerate.framework/Versions/A/Frameworks/vecLib.framework/Versions/A/libvMisc.dylib
0x000000002491e000 	/System/Library/Frameworks/Accelerate.framework/Versions/A/Frameworks/vecLib.framework/Versions/A/libLAPACK.dylib
0x000000002491e000 	/System/Library/Frameworks/Accelerate.framework/Versions/A/Frameworks/vecLib.framework/Versions/A/libBLAS.dylib
0x000000002491e000 	/System/Library/Frameworks/Accelerate.framework/Versions/A/Frameworks/vecLib.framework/Versions/A/libLinearAlgebra.dylib
0x000000002491e000 	/System/Library/Frameworks/Accelerate.framework/Versions/A/Frameworks/vecLib.framework/Versions/A/libSparseBLAS.dylib
0x000000002491e000 	/System/Library/Frameworks/ApplicationServices.framework/Versions/A/Frameworks/ATS.framework/Versions/A/Resources/libFontParser.dylib
0x000000002491e000 	/System/Library/Frameworks/ApplicationServices.framework/Versions/A/Frameworks/ATS.framework/Versions/A/Resources/libFontRegistry.dylib
0x000000002491e000 	/System/Library/Frameworks/ImageIO.framework/Versions/A/Resources/libJPEG.dylib
0x000000002491e000 	/System/Library/Frameworks/ImageIO.framework/Versions/A/Resources/libTIFF.dylib
0x000000002491e000 	/System/Library/Frameworks/ImageIO.framework/Versions/A/Resources/libPng.dylib
0x000000002491e000 	/System/Library/Frameworks/ImageIO.framework/Versions/A/Resources/libGIF.dylib
0x000000002491e000 	/System/Library/Frameworks/ImageIO.framework/Versions/A/Resources/libJP2.dylib
0x000000002491e000 	/System/Library/Frameworks/ImageIO.framework/Versions/A/Resources/libRadiance.dylib
0x000000002491e000 	/usr/lib/libcompression.dylib
0x000000002491e000 	/System/Library/PrivateFrameworks/AppleJPEG.framework/Versions/A/AppleJPEG
0x000000002491e000 	/usr/lib/libcups.2.dylib
0x000000002491e000 	/System/Library/Frameworks/Kerberos.framework/Versions/A/Kerberos
0x000000002491e000 	/System/Library/Frameworks/GSS.framework/Versions/A/GSS
0x000000002491e000 	/usr/lib/libresolv.9.dylib
0x000000002491e000 	/usr/lib/libiconv.2.dylib
0x000000002491e000 	/System/Library/PrivateFrameworks/Heimdal.framework/Versions/A/Heimdal
0x000000002491e000 	/usr/lib/libheimdal-asn1.dylib
0x000000002491e000 	/System/Library/Frameworks/OpenDirectory.framework/Versions/A/OpenDirectory
0x000000002491e000 	/System/Library/PrivateFrameworks/CommonAuth.framework/Versions/A/CommonAuth
0x000000002491e000 	/System/Library/Frameworks/OpenDirectory.framework/Versions/A/Frameworks/CFOpenDirectory.framework/Versions/A/CFOpenDirectory
0x000000002491e000 	/System/Library/Frameworks/SecurityFoundation.framework/Versions/A/SecurityFoundation
0x000000002491e000 	/System/Library/PrivateFrameworks/LanguageModeling.framework/Versions/A/LanguageModeling
0x000000002491e000 	/usr/lib/libmarisa.dylib
0x000000002491e000 	/usr/lib/libChineseTokenizer.dylib
0x000000002491e000 	/usr/lib/libcmph.dylib
0x000000002491e000 	/System/Library/PrivateFrameworks/CoreEmoji.framework/Versions/A/CoreEmoji
0x000000002491e000 	/System/Library/Frameworks/ServiceManagement.framework/Versions/A/ServiceManagement
0x000000002491e000 	/usr/lib/libxslt.1.dylib
0x000000002491e000 	/System/Library/Frameworks/Carbon.framework/Versions/A/Frameworks/Ink.framework/Versions/A/Ink
0x000000002491e000 	/System/Library/PrivateFrameworks/TextureIO.framework/Versions/A/TextureIO
0x000000002491e000 	/System/Library/Frameworks/Metal.framework/Versions/A/Metal
0x000000002491e000 	/usr/lib/libate.dylib
0x000000002491e000 	/System/Library/PrivateFrameworks/GPUCompiler.framework/libmetal_timestamp.dylib
0x000000002491e000 	/System/Library/Frameworks/OpenGL.framework/Versions/A/Libraries/libCoreFSCache.dylib
0x000000002491e000 	/System/Library/PrivateFrameworks/IOAccelerator.framework/Versions/A/IOAccelerator
0x000000002491e000 	/System/Library/Frameworks/CoreVideo.framework/Versions/A/CoreVideo
0x000000002491e000 	/usr/lib/libFosl_dynamic.dylib
0x000000002491e000 	/System/Library/PrivateFrameworks/MetalPerformanceShaders.framework/Versions/A/MetalPerformanceShaders
0x000000002491e000 	/System/Library/PrivateFrameworks/FaceCore.framework/Versions/A/FaceCore
0x000000002491e000 	/System/Library/Frameworks/OpenCL.framework/Versions/A/OpenCL
0x000000002491e000 	/System/Library/Frameworks/OpenGL.framework/Versions/A/Libraries/libGLU.dylib
0x000000002491e000 	/System/Library/Frameworks/OpenGL.framework/Versions/A/Libraries/libGFXShared.dylib
0x000000002491e000 	/System/Library/Frameworks/OpenGL.framework/Versions/A/Libraries/libGL.dylib
0x000000002491e000 	/System/Library/Frameworks/OpenGL.framework/Versions/A/Libraries/libGLImage.dylib
0x000000002491e000 	/System/Library/Frameworks/OpenGL.framework/Versions/A/Libraries/libCVMSPluginSupport.dylib
0x000000002491e000 	/System/Library/Frameworks/OpenGL.framework/Versions/A/Libraries/libCoreVMClient.dylib
0x000000002491e000 	/System/Library/PrivateFrameworks/CrashReporterSupport.framework/Versions/A/CrashReporterSupport
0x000000002491e000 	/System/Library/PrivateFrameworks/Sharing.framework/Versions/A/Sharing
0x000000002491e000 	/System/Library/PrivateFrameworks/IconServices.framework/Versions/A/IconServices
0x000000002491e000 	/System/Library/PrivateFrameworks/ProtocolBuffer.framework/Versions/A/ProtocolBuffer
0x000000002491e000 	/System/Library/PrivateFrameworks/Apple80211.framework/Versions/A/Apple80211
0x000000002491e000 	/System/Library/Frameworks/CoreWLAN.framework/Versions/A/CoreWLAN
0x000000002491e000 	/System/Library/PrivateFrameworks/CoreUtils.framework/Versions/A/CoreUtils
0x000000002491e000 	/System/Library/Frameworks/IOBluetooth.framework/Versions/A/IOBluetooth
0x000000002491e000 	/System/Library/PrivateFrameworks/CoreWiFi.framework/Versions/A/CoreWiFi
0x000000002491e000 	/System/Library/Frameworks/CoreBluetooth.framework/Versions/A/CoreBluetooth
0x000000002491e000 	/System/Library/Frameworks/CoreDisplay.framework/Versions/A/CoreDisplay
0x000000002491e000 	/System/Library/PrivateFrameworks/IOPresentment.framework/Versions/A/IOPresentment
0x000000002491e000 	/System/Library/PrivateFrameworks/DebugSymbols.framework/Versions/A/DebugSymbols
0x000000002491e000 	/System/Library/PrivateFrameworks/CoreSymbolication.framework/Versions/A/CoreSymbolication
0x000000002491e000 	/System/Library/PrivateFrameworks/Symbolication.framework/Versions/A/Symbolication
0x000000002491e000 	/System/Library/PrivateFrameworks/AppleFSCompression.framework/Versions/A/AppleFSCompression
0x000000002491e000 	/System/Library/PrivateFrameworks/SpeechRecognitionCore.framework/Versions/A/SpeechRecognitionCore
0x000000002491e000 	/System/Library/PrivateFrameworks/ChunkingLibrary.framework/Versions/A/ChunkingLibrary
0x000000010be00000 	/Library/Java/JavaVirtualMachines/jdk1.8.0_72.jdk/Contents/Home/jre/lib/server/libjvm.dylib
0x000000002491e000 	/usr/lib/libstdc++.6.dylib
0x000000010b487000 	/Library/Java/JavaVirtualMachines/jdk1.8.0_72.jdk/Contents/Home/jre/lib/libverify.dylib
0x000000010b495000 	/Library/Java/JavaVirtualMachines/jdk1.8.0_72.jdk/Contents/Home/jre/lib/libjava.dylib
0x000000010b4d4000 	/Library/Java/JavaVirtualMachines/jdk1.8.0_72.jdk/Contents/Home/jre/lib/libzip.dylib
0x000000011107b000 	/System/Library/Frameworks/JavaVM.framework/Frameworks/JavaRuntimeSupport.framework/JavaRuntimeSupport
0x000000010b5eb000 	/System/Library/Frameworks/JavaVM.framework/Versions/A/Frameworks/JavaNativeFoundation.framework/Versions/A/JavaNativeFoundation
0x0000000111095000 	/System/Library/Frameworks/JavaVM.framework/Versions/A/JavaVM
0x000000002491e000 	/System/Library/Frameworks/Carbon.framework/Versions/A/Carbon
0x00000001110a2000 	/System/Library/PrivateFrameworks/JavaLaunching.framework/Versions/A/JavaLaunching
0x000000002491e000 	/System/Library/Frameworks/Carbon.framework/Versions/A/Frameworks/CommonPanels.framework/Versions/A/CommonPanels
0x000000002491e000 	/System/Library/Frameworks/Carbon.framework/Versions/A/Frameworks/Help.framework/Versions/A/Help
0x000000002491e000 	/System/Library/Frameworks/Carbon.framework/Versions/A/Frameworks/ImageCapture.framework/Versions/A/ImageCapture
0x000000002491e000 	/System/Library/Frameworks/Carbon.framework/Versions/A/Frameworks/OpenScripting.framework/Versions/A/OpenScripting
0x000000002491e000 	/System/Library/Frameworks/Carbon.framework/Versions/A/Frameworks/Print.framework/Versions/A/Print
0x000000002491e000 	/System/Library/Frameworks/Carbon.framework/Versions/A/Frameworks/SecurityHI.framework/Versions/A/SecurityHI
0x0000000112a44000 	/Library/Java/JavaVirtualMachines/jdk1.8.0_72.jdk/Contents/Home/jre/lib/libprism_es2.dylib
0x000000002491e000 	/System/Library/Frameworks/OpenGL.framework/Versions/A/Resources/GLEngine.bundle/GLEngine
0x000000002491e000 	/System/Library/Frameworks/OpenGL.framework/Versions/A/Libraries/libGLProgrammability.dylib
0x0000000112aaa000 	/System/Library/Extensions/AppleIntelBDWGraphicsGLDriver.bundle/Contents/MacOS/AppleIntelBDWGraphicsGLDriver
0x000000002491e000 	/System/Library/PrivateFrameworks/GPUSupport.framework/Versions/A/Libraries/libGPUSupportMercury.dylib
0x000000002491e000 	/System/Library/Frameworks/OpenGL.framework/Versions/A/Resources/GLRendererFloat.bundle/GLRendererFloat
0x000000002491e000 	/System/Library/Frameworks/OpenCL.framework/Versions/A/Libraries/libcldcpuengine.dylib
0x000000002491e000 	/usr/lib/libcrypto.0.9.8.dylib
0x000000002491e000 	/System/Library/PrivateFrameworks/TrustEvaluationAgent.framework/Versions/A/TrustEvaluationAgent
0x0000000113616000 	/Library/Java/JavaVirtualMachines/jdk1.8.0_72.jdk/Contents/Home/jre/lib/libglass.dylib
0x000000002491e000 	/System/Library/PrivateFrameworks/CoreServicesInternal.framework/Versions/A/CoreServicesInternal
0x000000002491e000 	/System/Library/CoreServices/RawCamera.bundle/Contents/MacOS/RawCamera
0x000000002491e000 	/System/Library/Frameworks/Accelerate.framework/Versions/A/Frameworks/vImage.framework/Versions/A/Libraries/libCGInterfaces.dylib
0x000000002491e000 	/System/Library/PrivateFrameworks/FamilyControls.framework/Versions/A/FamilyControls
0x000000002491e000 	/System/Library/PrivateFrameworks/CommerceKit.framework/Versions/A/Frameworks/CommerceCore.framework/Versions/A/CommerceCore
0x000000002491e000 	/System/Library/PrivateFrameworks/SystemAdministration.framework/Versions/A/SystemAdministration
0x000000002491e000 	/System/Library/PrivateFrameworks/AppContainer.framework/Versions/A/AppContainer
0x000000002491e000 	/System/Library/PrivateFrameworks/SecCodeWrapper.framework/Versions/A/SecCodeWrapper
0x000000002491e000 	/System/Library/Frameworks/DirectoryService.framework/Versions/A/DirectoryService
0x000000002491e000 	/System/Library/PrivateFrameworks/DiskImages.framework/Versions/A/DiskImages
0x000000002491e000 	/System/Library/PrivateFrameworks/LoginUIKit.framework/Versions/A/Frameworks/LoginUICore.framework/Versions/A/LoginUICore
0x000000002491e000 	/usr/lib/libCoreStorage.dylib
0x000000002491e000 	/usr/lib/libcsfde.dylib
0x000000002491e000 	/usr/lib/libodfde.dylib
0x000000002491e000 	/System/Library/Frameworks/DiscRecording.framework/Versions/A/DiscRecording
0x000000002491e000 	/usr/lib/libcurl.4.dylib
0x000000002491e000 	/System/Library/PrivateFrameworks/MediaKit.framework/Versions/A/MediaKit
0x000000002491e000 	/System/Library/PrivateFrameworks/ProtectedCloudStorage.framework/Versions/A/ProtectedCloudStorage
0x000000002491e000 	/System/Library/PrivateFrameworks/EFILogin.framework/Versions/A/EFILogin
0x000000002491e000 	/usr/lib/libutil.dylib
0x000000002491e000 	/System/Library/Frameworks/LDAP.framework/Versions/A/LDAP
0x000000002491e000 	/usr/lib/libsasl2.2.dylib
0x000000002491e000 	/System/Library/PrivateFrameworks/CoreDaemon.framework/Versions/B/CoreDaemon
0x000000002491e000 	/System/Library/PrivateFrameworks/AppleSRP.framework/Versions/A/AppleSRP
0x000000002491e000 	/System/Library/PrivateFrameworks/APFS.framework/Versions/A/APFS
0x0000000116aea000 	/Library/Java/JavaVirtualMachines/jdk1.8.0_72.jdk/Contents/Home/jre/lib/libawt.dylib
0x0000000116b92000 	/Library/Java/JavaVirtualMachines/jdk1.8.0_72.jdk/Contents/Home/jre/lib/./libmlib_image.dylib
0x0000000116c5e000 	/Library/Java/JavaVirtualMachines/jdk1.8.0_72.jdk/Contents/Home/jre/lib/libawt_lwawt.dylib
0x0000000116d13000 	/Library/Java/JavaVirtualMachines/jdk1.8.0_72.jdk/Contents/Home/jre/lib/./libosxapp.dylib
0x000000002491e000 	/System/Library/Frameworks/ExceptionHandling.framework/Versions/A/ExceptionHandling
0x0000000116d2f000 	/Library/Java/JavaVirtualMachines/jdk1.8.0_72.jdk/Contents/Home/jre/lib/libfontmanager.dylib
0x000000011368e000 	/Library/Java/JavaVirtualMachines/jdk1.8.0_72.jdk/Contents/Home/jre/lib/libjavafx_font.dylib
0x000000002491e000 	/System/Library/Frameworks/ApplicationServices.framework/Versions/A/Frameworks/ATS.framework/Versions/A/Resources/libTrueTypeScaler.dylib
0x0000000127de6000 	/System/Library/Extensions/AppleIntelBDWGraphicsMTLDriver.bundle/Contents/MacOS/AppleIntelBDWGraphicsMTLDriver
0x0000000127dd5000 	/Library/Java/JavaVirtualMachines/jdk1.8.0_72.jdk/Contents/Home/jre/lib/libprism_common.dylib
0x000000002491e000 	/System/Library/PrivateFrameworks/ViewBridge.framework/Versions/A/ViewBridge
0x000000002491e000 	/System/Library/PrivateFrameworks/XPCService.framework/Versions/A/XPCService
0x000000002491e000 	/System/Library/PrivateFrameworks/AppSandbox.framework/Versions/A/AppSandbox
0x000000002491e000 	/usr/lib/libsandbox.1.dylib
0x000000002491e000 	/usr/lib/libMatch.1.dylib
0x000000002491e000 	/System/Library/PrivateFrameworks/FinderKit.framework/Versions/A/FinderKit
0x000000002491e000 	/System/Library/Frameworks/Quartz.framework/Versions/A/Frameworks/QuickLookUI.framework/Versions/A/QuickLookUI
0x000000002491e000 	/System/Library/Frameworks/Quartz.framework/Versions/A/Frameworks/ImageKit.framework/Versions/A/ImageKit
0x000000002491e000 	/System/Library/PrivateFrameworks/Bom.framework/Versions/A/Bom
0x000000002491e000 	/System/Library/Frameworks/QuickLook.framework/Versions/A/QuickLook
0x000000002491e000 	/System/Library/PrivateFrameworks/Suggestions.framework/Versions/A/Suggestions
0x000000002491e000 	/System/Library/PrivateFrameworks/AppleSystemInfo.framework/Versions/A/AppleSystemInfo
0x000000002491e000 	/System/Library/Frameworks/ImageCaptureCore.framework/Versions/A/ImageCaptureCore
0x000000002491e000 	/System/Library/Frameworks/SafariServices.framework/Versions/A/SafariServices
0x000000002491e000 	/System/Library/Frameworks/QTKit.framework/Versions/A/QTKit
0x000000002491e000 	/System/Library/PrivateFrameworks/MobileKeyBag.framework/Versions/A/MobileKeyBag
0x000000002491e000 	/System/Library/Frameworks/AVFoundation.framework/Versions/A/AVFoundation
0x000000002491e000 	/System/Library/Frameworks/CoreMedia.framework/Versions/A/CoreMedia
0x000000002491e000 	/System/Library/Frameworks/MediaToolbox.framework/Versions/A/MediaToolbox
0x000000002491e000 	/System/Library/Frameworks/VideoToolbox.framework/Versions/A/VideoToolbox
0x000000002491e000 	/System/Library/PrivateFrameworks/CoreMediaAuthoring.framework/Versions/A/CoreMediaAuthoring
0x000000002491e000 	/System/Library/Frameworks/CoreMediaIO.framework/Versions/A/CoreMediaIO
0x000000002491e000 	/System/Library/Frameworks/AVFoundation.framework/Versions/A/Frameworks/AVFAudio.framework/Versions/A/AVFAudio
0x000000002491e000 	/System/Library/PrivateFrameworks/IntlPreferences.framework/Versions/A/IntlPreferences
0x000000002491e000 	/usr/lib/libspindump.dylib
0x000000002491e000 	/usr/lib/libdscsym.dylib
0x000000002491e000 	/System/Library/PrivateFrameworks/CoreAVCHD.framework/Versions/A/CoreAVCHD
0x000000002491e000 	/System/Library/Frameworks/MediaAccessibility.framework/Versions/A/MediaAccessibility
0x000000002491e000 	/System/Library/PrivateFrameworks/Mangrove.framework/Versions/A/Mangrove
0x000000002491e000 	/System/Library/PrivateFrameworks/CoreAUC.framework/Versions/A/CoreAUC
0x000000002491e000 	/System/Library/PrivateFrameworks/AppleVA.framework/Versions/A/AppleVA
0x000000002491e000 	/System/Library/PrivateFrameworks/QuickLookThumbnailing.framework/Versions/A/QuickLookThumbnailing
0x000000002491e000 	/System/Library/PrivateFrameworks/DisplayServices.framework/Versions/A/DisplayServices
0x000000002491e000 	/System/Library/Frameworks/Quartz.framework/Versions/A/Frameworks/PDFKit.framework/Versions/A/PDFKit
0x000000002491e000 	/System/Library/Frameworks/Quartz.framework/Versions/A/Frameworks/QuartzComposer.framework/Versions/A/QuartzComposer
0x000000002491e000 	/System/Library/Frameworks/Quartz.framework/Versions/A/Frameworks/QuartzFilters.framework/Versions/A/QuartzFilters
0x000000002491e000 	/System/Library/PrivateFrameworks/CorePDF.framework/Versions/A/CorePDF
0x000000002491e000 	/System/Library/Frameworks/JavaScriptCore.framework/Versions/A/JavaScriptCore
0x000000002491e000 	/System/Library/Frameworks/AddressBook.framework/Versions/A/AddressBook
0x000000002491e000 	/System/Library/PrivateFrameworks/ContactsPersistence.framework/Versions/A/ContactsPersistence
0x000000002491e000 	/System/Library/PrivateFrameworks/CalendarAgentLink.framework/Versions/A/CalendarAgentLink
0x000000002491e000 	/System/Library/PrivateFrameworks/ContactsFoundation.framework/Versions/A/ContactsFoundation
0x000000002491e000 	/System/Library/PrivateFrameworks/vCard.framework/Versions/A/vCard
0x000000002491e000 	/System/Library/PrivateFrameworks/ToneLibrary.framework/Versions/A/ToneLibrary
0x000000002491e000 	/System/Library/PrivateFrameworks/ToneKit.framework/Versions/A/ToneKit
0x000000002491e000 	/System/Library/PrivateFrameworks/ApplePushService.framework/Versions/A/ApplePushService
0x000000002491e000 	/System/Library/Frameworks/SecurityInterface.framework/Versions/A/SecurityInterface
0x000000002491e000 	/System/Library/PrivateFrameworks/PhoneNumbers.framework/Versions/A/PhoneNumbers
0x000000002491e000 	/System/Library/Frameworks/Quartz.framework/Versions/A/Quartz
0x000000002491e000 	/System/Library/Frameworks/Accounts.framework/Versions/A/Accounts
0x000000002491e000 	/System/Library/PrivateFrameworks/OAuth.framework/Versions/A/OAuth
0x000000002491e000 	/System/Library/PrivateFrameworks/CacheDelete.framework/Versions/A/CacheDelete
0x000000002491e000 	/System/Library/PrivateFrameworks/CloudDocs.framework/Versions/A/CloudDocs
0x000000002491e000 	/System/Library/Frameworks/CloudKit.framework/Versions/A/CloudKit
0x000000002491e000 	/System/Library/PrivateFrameworks/MMCS.framework/Versions/A/MMCS
0x000000002491e000 	/System/Library/Frameworks/CoreLocation.framework/Versions/A/CoreLocation
0x000000002491e000 	/System/Library/PrivateFrameworks/AssetCacheServices.framework/Versions/A/AssetCacheServices
0x000000002491e000 	/System/Library/PrivateFrameworks/GeoServices.framework/Versions/A/GeoServices
0x000000002491e000 	/System/Library/PrivateFrameworks/PlugInKit.framework/Versions/A/PlugInKit
0x000000002491e000 	/System/Library/PrivateFrameworks/iLifeMediaBrowser.framework/Versions/A/iLifeMediaBrowser
0x000000002491e000 	/System/Library/Frameworks/AVKit.framework/Versions/A/AVKit
0x000000002491e000 	/System/Library/PrivateFrameworks/MediaRemote.framework/Versions/A/MediaRemote
0x000000002491e000 	/System/Library/PrivateFrameworks/MediaServices.framework/Versions/A/MediaServices
0x00000001275b6000 	/System/Library/Frameworks/Security.framework/PlugIns/csparser.bundle/Contents/MacOS/csparser
0x00000001276cc000 	/Library/Java/JavaVirtualMachines/jdk1.8.0_72.jdk/Contents/Home/jre/lib/libosxui.dylib
0x0000000129757000 	/Library/Java/JavaVirtualMachines/jdk1.8.0_72.jdk/Contents/Home/jre/lib/libnet.dylib
0x00000001298ba000 	/Library/Java/JavaVirtualMachines/jdk1.8.0_72.jdk/Contents/Home/jre/lib/libnio.dylib

VM Arguments:
jvm_args: -Dfile.encoding=UTF-8 
java_command: application.FileChooserClass
java_class_path (initial): /Users/DavidHuynh/git/Codeflow/WorkflowImport/bin:/Users/DavidHuynh/.p2/pool/plugins/org.eclipse.fx.ide.css.jfx8_2.1.0.201508240705.jar:/Users/DavidHuynh/Downloads/jdom-2.0.6 (1)/jdom-2.0.6.jar
Launcher Type: SUN_STANDARD

Environment Variables:
PATH=/usr/bin:/bin:/usr/sbin:/sbin
SHELL=/bin/bash

Signal Handlers:
SIGSEGV: [libjvm.dylib+0x5a6855], sa_mask[0]=11111111011111110111111111111111, sa_flags=SA_ONSTACK|SA_RESTART|SA_SIGINFO
SIGBUS: [libjvm.dylib+0x5a6855], sa_mask[0]=11111111011111110111111111111111, sa_flags=SA_RESTART|SA_SIGINFO
SIGFPE: [libjvm.dylib+0x4804ec], sa_mask[0]=11111111011111110111111111111111, sa_flags=SA_RESTART|SA_SIGINFO
SIGPIPE: [libjvm.dylib+0x4804ec], sa_mask[0]=11111111011111110111111111111111, sa_flags=SA_RESTART|SA_SIGINFO
SIGXFSZ: [libjvm.dylib+0x4804ec], sa_mask[0]=11111111011111110111111111111111, sa_flags=SA_RESTART|SA_SIGINFO
SIGILL: [libjvm.dylib+0x4804ec], sa_mask[0]=11111111011111110111111111111111, sa_flags=SA_RESTART|SA_SIGINFO
SIGUSR1: SIG_DFL, sa_mask[0]=00000000000000000000000000000000, sa_flags=none
SIGUSR2: [libjvm.dylib+0x48000a], sa_mask[0]=00100000000000000000000000000000, sa_flags=SA_RESTART|SA_SIGINFO
SIGHUP: [libjvm.dylib+0x47e5e1], sa_mask[0]=11111111011111110111111111111111, sa_flags=SA_RESTART|SA_SIGINFO
SIGINT: [libjvm.dylib+0x47e5e1], sa_mask[0]=11111111011111110111111111111111, sa_flags=SA_RESTART|SA_SIGINFO
SIGTERM: [libjvm.dylib+0x47e5e1], sa_mask[0]=11111111011111110111111111111111, sa_flags=SA_RESTART|SA_SIGINFO
SIGQUIT: [libjvm.dylib+0x47e5e1], sa_mask[0]=11111111011111110111111111111111, sa_flags=SA_RESTART|SA_SIGINFO


---------------  S Y S T E M  ---------------

OS:Bsduname:Darwin 16.0.0 Darwin Kernel Version 16.0.0: Mon Aug 29 17:56:20 PDT 2016; root:xnu-3789.1.32~3/RELEASE_X86_64 x86_64
rlimit: STACK 8192k, CORE 0k, NPROC 709, NOFILE 10240, AS infinity
load average:4.47 3.59 3.09

CPU:total 4 (2 cores per cpu, 2 threads per core) family 6 model 61 stepping 4, cmov, cx8, fxsr, mmx, sse, sse2, sse3, ssse3, sse4.1, sse4.2, popcnt, avx, avx2, aes, clmul, erms, 3dnowpref, lzcnt, ht, tsc, tscinvbit, bmi1, bmi2, adx

Memory: 4k page, physical 4194304k(1085628k free)

/proc/meminfo:


vm_info: Java HotSpot(TM) 64-Bit Server VM (25.72-b15) for bsd-amd64 JRE (1.8.0_72-b15), built on Dec 22 2015 15:43:34 by "java_re" with gcc 4.2.1 (Based on Apple Inc. build 5658) (LLVM build 2336.11.00)

time: Sun Dec  4 02:39:21 2016
elapsed time: 110 seconds (0d 0h 1m 50s)

